2025-07-01 02:33:23,757 - INFO - ================================================================================
2025-07-01 02:33:23,757 - INFO - STARTING PROPER BIOCON STOCK PREDICTION TRAINING
2025-07-01 02:33:23,757 - INFO - ================================================================================
2025-07-01 02:33:23,757 - INFO - Loading and validating data...
2025-07-01 02:33:23,817 - INFO - ✓ Loaded stock data: 2590 records from 2015-01-01 00:00:00 to 2025-06-30 00:00:00
2025-07-01 02:33:23,820 - INFO - ✓ Loaded sentiment data: 470 records
2025-07-01 02:33:23,820 - INFO - Performing smart data merge...
2025-07-01 02:33:23,829 - INFO - Smart merge completed: 2590 records
2025-07-01 02:33:23,829 - INFO - Creating proper features WITHOUT data leakage...
2025-07-01 02:33:23,829 - INFO - Cleaning and encoding data...
2025-07-01 02:33:23,830 - INFO - Found categorical columns to encode: ['Volatility_Regime', 'fda_milestones', 'market_impacts']
2025-07-01 02:33:23,831 - INFO - Label encoded Volatility_Regime: 3 categories
2025-07-01 02:33:23,832 - INFO - Label encoded fda_milestones: 10 categories
2025-07-01 02:33:23,833 - INFO - Label encoded market_impacts: 3 categories
2025-07-01 02:33:23,862 - INFO - Data cleaning completed: 160 columns remaining
2025-07-01 02:33:23,863 - INFO - Computing technical indicators...
2025-07-01 02:33:23,876 - WARNING - 🚨 REMOVING DATA LEAKAGE COLUMNS: ['Forward_Return_1D', 'Forward_Direction_1D', 'Forward_Return_3D', 'Forward_Direction_3D', 'Forward_Return_5D', 'Forward_Direction_5D', 'Forward_Return_10D', 'Forward_Direction_10D']
2025-07-01 02:33:24,108 - INFO - ✅ Proper feature engineering completed. Total features: 217
2025-07-01 02:33:24,379 - INFO - ✅ Proper combined data saved
2025-07-01 02:33:24,379 - INFO - Preparing proper targets...
2025-07-01 02:33:24,386 - INFO - Selected target: Target_Next_Day_Return (Next Day Return)
2025-07-01 02:33:24,388 - INFO - Selecting proper features for regression...
2025-07-01 02:33:24,392 - INFO - Removing poor quality feature: Symbol (missing: 100.0%, unique: 0)
2025-07-01 02:33:24,393 - INFO - Removing poor quality feature: Company (missing: 100.0%, unique: 0)
2025-07-01 02:33:24,393 - INFO - Removing poor quality feature: Source (missing: 100.0%, unique: 0)
2025-07-01 02:33:24,399 - INFO - Removing poor quality feature: Is_Announcement (missing: 0.0%, unique: 1)
2025-07-01 02:33:24,399 - INFO - Removing poor quality feature: Is_Dividend (missing: 0.0%, unique: 1)
2025-07-01 02:33:24,399 - INFO - Removing poor quality feature: Is_Board_Meeting (missing: 0.0%, unique: 1)
2025-07-01 02:33:24,399 - INFO - Removing poor quality feature: Is_Result (missing: 0.0%, unique: 1)
2025-07-01 02:33:24,408 - INFO - Removing poor quality feature: has_application_phase (missing: 0.0%, unique: 1)
2025-07-01 02:33:24,444 - INFO - Selecting top 35 features from 204
2025-07-01 02:33:24,467 - INFO - Selected 35 features using statistical methods
2025-07-01 02:33:24,475 - INFO - Time-series splits: Train=1812, Val=388, Test=389
2025-07-01 02:33:24,480 - INFO - Training period: 2015-01-01 to 2022-05-06
2025-07-01 02:33:24,481 - INFO - Validation period: 2022-05-09 to 2023-11-29
2025-07-01 02:33:24,481 - INFO - Test period: 2023-11-30 to 2025-06-27
2025-07-01 02:33:24,482 - INFO - Training models properly for regression...
2025-07-01 02:33:24,497 - INFO - Training Ridge... (expected: 5s)
2025-07-01 02:33:27,094 - ERROR - Error training Ridge: name 'r2_score' is not defined
2025-07-01 02:33:27,097 - INFO - Training ElasticNet... (expected: 10s)
2025-07-01 02:33:27,262 - ERROR - Error training ElasticNet: name 'r2_score' is not defined
2025-07-01 02:33:27,262 - INFO - Training Random_Forest... (expected: 60s)
2025-07-01 02:33:39,728 - ERROR - Error training Random_Forest: name 'r2_score' is not defined
2025-07-01 02:33:39,728 - INFO - Training Gradient_Boosting... (expected: 120s)
2025-07-01 02:33:50,042 - ERROR - Error training Gradient_Boosting: name 'r2_score' is not defined
2025-07-01 02:33:50,043 - INFO - Training LightGBM... (expected: 60s)
2025-07-01 02:34:01,171 - ERROR - Error training LightGBM: name 'r2_score' is not defined
2025-07-01 02:34:01,172 - INFO - Training XGBoost... (expected: 90s)
2025-07-01 02:34:04,753 - ERROR - Error training XGBoost: name 'r2_score' is not defined
2025-07-01 02:34:04,753 - INFO - Training SVR... (expected: 120s)
2025-07-01 02:34:04,805 - ERROR - Error training SVR: name 'r2_score' is not defined
2025-07-01 02:34:04,806 - INFO - Successfully trained 0 models in 40.3s
2025-07-01 02:34:04,806 - WARNING - No models to evaluate
2025-07-01 02:34:04,806 - INFO - Generating visualization charts...
2025-07-01 02:34:05,204 - INFO - ✅ All charts generated successfully
2025-07-01 02:34:05,208 - ERROR - Error saving: "['Next_Day_Return'] not in index"
